Log file open, 04/18/15 15:07:03
LogInit:Display: Running engine for game: LD32_Shattered_UE4
LogInit: Version: 4.7.5-2503383+++depot+UE4-Releases+4.7
LogInit: API Version: 2455222
LogInit: Compiled (64-bit): Apr  6 2015 23:21:51
LogInit: Compiled with Visual C++: 18.00.21005.01
LogInit: Build Configuration: Development
LogInit: Branch Name: ++depot+UE4-Releases+4.7
LogInit: Command line: 
LogInit: Base directory: C:/Program Files/Epic Games/4.7/Engine/Binaries/Win64/
LogInit: Rocket: 1
[2015.04.18-22.07.03:212][  0]LogTaskGraph: Started task graph with 3 named threads and 4 total threads.
[2015.04.18-22.07.03:250][  0]LogOnline:Warning: No default platform service specified for OnlineSubsystem
[2015.04.18-22.07.03:263][  0]LogInit: Presizing for 0 objects not considered by GC, pre-allocating 0 bytes.
[2015.04.18-22.07.03:274][  0]LogInit: Object subsystem initialized
[2015.04.18-22.07.03:276][  0]LogConsoleResponse:Warning: Skipping Unknown console variable: 'TranslucentSortAxis = (X=0.000000,Y=-1.000000,Z=0.000000)'
[2015.04.18-22.07.03:276][  0]LogConsoleResponse:Warning:   Found in ini file 'C:/Users/Smith/Documents/Livio/GameDev/LD32_Shattered_UE4/Saved/Config/Windows/Engine.ini', in section '[/Script/Engine.RendererSettings]'
[2015.04.18-22.07.03:276][  0]LogConsoleResponse:Warning: Skipping Unknown console variable: 'UIScaleRule = ShortestSide'
[2015.04.18-22.07.03:276][  0]LogConsoleResponse:Warning:   Found in ini file 'C:/Users/Smith/Documents/Livio/GameDev/LD32_Shattered_UE4/Saved/Config/Windows/Engine.ini', in section '[/Script/Engine.RendererSettings]'
[2015.04.18-22.07.03:276][  0]LogConsoleResponse:Warning: Skipping Unknown console variable: 'UIScaleCurve = (EditorCurveData=(Keys=),ExternalCurve=None)'
[2015.04.18-22.07.03:276][  0]LogConsoleResponse:Warning:   Found in ini file 'C:/Users/Smith/Documents/Livio/GameDev/LD32_Shattered_UE4/Saved/Config/Windows/Engine.ini', in section '[/Script/Engine.RendererSettings]'
[2015.04.18-22.07.03:276][  0]LogInit: Selected Device Profile: [Windows]
[2015.04.18-22.07.03:276][  0]LogInit: Applying CVar settings loaded from the selected device profile: [Windows]
[2015.04.18-22.07.03:302][  0]LogInit: Computer: SMITH-PC
[2015.04.18-22.07.03:302][  0]LogInit: User: Smith
[2015.04.18-22.07.03:302][  0]LogInit: CPU Page size=4096, Cores=2
[2015.04.18-22.07.03:302][  0]LogInit: High frequency timer resolution =2.630754 MHz
[2015.04.18-22.07.03:302][  0]LogMemory: Memory total: Physical=7.9GB (8GB approx) Virtual=131072.0GB
[2015.04.18-22.07.03:303][  0]LogMemory: Platform Memory Stats for Windows
[2015.04.18-22.07.03:303][  0]LogMemory: Process Physical Memory: 46.75 MB used, 46.75 MB peak
[2015.04.18-22.07.03:303][  0]LogMemory: Process Virtual Memory: 26.68 MB used, 26.68 MB peak
[2015.04.18-22.07.03:303][  0]LogMemory: Physical Memory: 3681.81 MB used, 8106.17 MB total
[2015.04.18-22.07.03:303][  0]LogMemory: Virtual Memory: 292.52 MB used, 134217728.00 MB total
[2015.04.18-22.07.03:332][  0]LogD3D11RHI: Found D3D11 adapter 0: NVIDIA GeForce GT 525M  (Feature Level 11_0)
[2015.04.18-22.07.03:332][  0]LogD3D11RHI: Adapter has 971MB of dedicated video memory, 0MB of dedicated system memory, and 3071MB of shared system memory, 1 output[s]
[2015.04.18-22.07.03:350][  0]LogD3D11RHI: Found D3D11 adapter 1: NVIDIA GeForce GT 525M  (Feature Level 11_0)
[2015.04.18-22.07.03:350][  0]LogD3D11RHI: Adapter has 971MB of dedicated video memory, 0MB of dedicated system memory, and 3071MB of shared system memory, 0 output[s]
[2015.04.18-22.07.03:351][  0]LogD3D11RHI: Found D3D11 adapter 2: Microsoft Basic Render Driver (Feature Level 11_0)
[2015.04.18-22.07.03:351][  0]LogD3D11RHI: Adapter has 971MB of dedicated video memory, 0MB of dedicated system memory, and 3071MB of shared system memory, 0 output[s]
[2015.04.18-22.07.03:351][  0]LogD3D11RHI: Chosen D3D11 Adapter Id = 0
[2015.04.18-22.07.03:357][  0]LogRHI: Texture pool is 1361 MB (70% of 1945 MB)
[2015.04.18-22.07.03:367][  0]LogD3D11RHI: Async texture creation enabled
[2015.04.18-22.07.03:498][  0]LogTextLocalizationManager: The requested culture ('en_US') has no localization data; parent culture's ('en') localization data will be used.
[2015.04.18-22.07.03:577][  0]LogTextLocalizationManager:Warning: Loading localization resources contain conflicting entries for (Namespace:UICommands, Key:Save_ToolTip):
Resource: (C:/Program Files/Epic Games/4.7/Engine/Content/Localization/Editor/en/Editor.locres) Hash: (-29098895) String: (Saves the current level to disk)
Resource: (C:/Program Files/Epic Games/4.7/Engine/Content/Localization/Engine/en/Engine.locres) Hash: (-1280300587) String: (Save selected data to vlog file)
[2015.04.18-22.07.03:577][  0]LogTextLocalizationManager:Warning: Loading localization resources contain conflicting entries for (Namespace:ContentBrowser, Key:ImportAssetToolTip):
Resource: (C:/Program Files/Epic Games/4.7/Engine/Content/Localization/Editor/en/Editor.locres) Hash: (-630476809) String: (Import to {0}...)
Resource: (C:/Program Files/Epic Games/4.7/Engine/Content/Localization/Editor/en/Editor.locres) Hash: (1271782899) String: (Imports an asset from file to this folder.)
[2015.04.18-22.07.03:662][  0]LogContentStreaming: Texture pool size is 0.000000MB
[2015.04.18-22.07.06:119][  0]LogTargetPlatformManager:Display: Building Assets For Windows
[2015.04.18-22.07.06:706][  0]LogTargetPlatformManager:Display: Building Assets For Windows
[2015.04.18-22.07.06:770][  0]LogDerivedDataCache:Display: Max Cache Size: 512 MB
[2015.04.18-22.07.07:608][  0]LogDerivedDataCache: Loaded boot cache 0.84s 39MB C:/Users/Smith/AppData/Local/UnrealEngine/4.7/DerivedDataCache/Boot.ddc.
[2015.04.18-22.07.07:608][  0]LogDerivedDataCache:Display: Loaded Boot cache: C:/Users/Smith/AppData/Local/UnrealEngine/4.7/DerivedDataCache/Boot.ddc
[2015.04.18-22.07.07:608][  0]LogDerivedDataCache: FDerivedDataBackendGraph:  Pak pak cache file ../../../../../../Users/Smith/Documents/Livio/GameDev/LD32_Shattered_UE4/DerivedDataCache/DDC.ddp not found, will not use a pak cache.
[2015.04.18-22.07.07:608][  0]LogDerivedDataCache: Unable to find inner node Pak for hierarchical cache Hierarchy.
[2015.04.18-22.07.07:759][  0]LogDerivedDataCache:Display: Pak cache opened for reading ../../../Engine/DerivedDataCache/Compressed.ddp.
[2015.04.18-22.07.07:772][  0]LogDerivedDataCache: Using Local data cache path C:/Users/Smith/AppData/Local/UnrealEngine/Common/DerivedDataCache: Writable
[2015.04.18-22.07.08:138][  0]LogMeshUtilities: No automatic mesh reduction module available
[2015.04.18-22.07.08:138][  0]LogMeshUtilities: No automatic mesh merging module available
[2015.04.18-22.07.08:606][  0]LogInit: WinSock: version 1.1 (2.2), MaxSocks=32767, MaxUdp=65467
[2015.04.18-22.07.08:695][  0]LogSlate:Warning: Failed to load font data from '../../../Engine/Content/Slate/Fonts/Roboto-Italic.ttf'
[2015.04.18-22.07.22:897][  0]UdpMessaging: Initializing bridge on interface 0.0.0.0:0 to multicast group 230.0.0.1:6666.
[2015.04.18-22.07.23:320][  0]SourceControl: Info Source control is disabled
[2015.04.18-22.07.23:320][  0]SourceControl: Info Source control is disabled
[2015.04.18-22.07.23:320][  0]SourceControl: Info Source control is disabled
[2015.04.18-22.07.23:320][  0]LogSourceControl: RunCommandInternalRaw: 'git version'
[2015.04.18-22.07.23:320][  0]LogSourceControl: RunCommandInternalRaw: ExecProcess ReturnCode=2 OutResults=''
[2015.04.18-22.07.23:330][  0]SourceControl: Info Source control is disabled
[2015.04.18-22.07.23:884][  0]LogObj: 24232 objects as part of root set at end of initial load.
[2015.04.18-22.07.23:884][  0]LogUObjectAllocator: 5137176 out of 0 bytes used by permanent object pool.
[2015.04.18-22.07.23:976][  0]LogEngine: Initializing Engine...
[2015.04.18-22.07.26:144][  0]LogInit: XAudio2 using 'Speakers / Headphones (Realtek High Definition Audio)' : 2 channels at 48 kHz using 32 bits per sample (channel mask 0x3)
[2015.04.18-22.07.26:153][  0]LogInit: FAudioDevice initialized.
[2015.04.18-22.07.26:192][  0]LogAIModule: Creating AISystem for world NewWorld
[2015.04.18-22.07.26:212][  0]LogDerivedDataCache: Saved boot cache 0.02s 39MB C:/Users/Smith/AppData/Local/UnrealEngine/4.7/DerivedDataCache/Boot.ddc.
[2015.04.18-22.07.26:219][  0]LogInit: Texture streaming: Enabled
[2015.04.18-22.07.26:316][  0]LogAnalytics: Creating configured Analytics provider AnalyticsET
[2015.04.18-22.07.26:316][  0]LogAnalytics: ET APIKey = Rocket.Release. APIServer = http://et2.epicgames.com/ET2/. AppVersion = 4.7.5-2503383+++depot+UE4-Releases+4.7
[2015.04.18-22.07.26:316][  0]LogAnalytics: ET APIKey = Rocket.Release. DataRouterUploadURL = https://datarouter-public-service-gamedev.ol.epicgames.net/datarouter/api/v1/public/data. AppVersion = 4.7.5-2503383+++depot+UE4-Releases+4.7
[2015.04.18-22.07.26:316][  0]LogAnalytics: SetUserId 648f60c84fe804f2c61263880fbd916c|78f39226c67641f0b37c4866a0197669|fe7a5dbd-c109-4693-9235-4c2499ada809
[2015.04.18-22.07.26:316][  0]LogAnalytics: AnalyticsET::StartSession [Rocket.Release]
[2015.04.18-22.07.26:342][  0]LogInit: Transaction tracking system initialized
[2015.04.18-22.07.26:530][  0]BlueprintLog: New page: Editor Load
[2015.04.18-22.07.26:568][  0]LogAssetRegistry: FAssetRegistry took 0.0112 seconds to start up
[2015.04.18-22.07.26:568][  0]LogDirectoryWatcher:Warning: Failed to begin reading directory changes for ../../../Engine/Plugins/Experimental/CharacterAI/Content/. Error: 0
[2015.04.18-22.07.27:226][  0]LogTargetPlatformManager:Display: Building Assets For Windows
[2015.04.18-22.07.27:652][  0]LogTargetPlatformManager:Display: Building Assets For Windows
[2015.04.18-22.07.27:971][  0]LogSlate:Warning: Failed to load font data from '../../../Engine/Content/Editor/Slate/Fonts/Roboto-Regular.ttf'
[2015.04.18-22.07.27:972][  0]LogSlate:Warning: Failed to load font data from '../../../Engine/Content/Editor/Slate/Fonts/Roboto-Bold.ttf'
[2015.04.18-22.07.28:170][  0]LogConsoleResponse:Display: 
[2015.04.18-22.07.28:670][  0]LogCook:Display: Done creating registry. It took  0.00s.
[2015.04.18-22.07.29:025][  0]SourceControl: Info Source control is disabled
[2015.04.18-22.07.29:025][  0]Cmd: MAP LOAD FILE="../../../../../../Users/Smith/Documents/Livio/GameDev/LD32_Shattered_UE4/Content/Maps/Example_Map.umap" TEMPLATE=0 SHOWPROGRESS=1 FEATURELEVEL=3
[2015.04.18-22.07.29:110][  0]LightingResults: New page: Lighting Build
[2015.04.18-22.07.29:137][  0]MapCheck: New page: Map Check
[2015.04.18-22.07.29:137][  0]LightingResults: New page: Lighting Build
[2015.04.18-22.07.29:181][  0]LogParticles: Destroying 0 GPU particle simulations for FXSystem 0x0000002E1FEBCC20
[2015.04.18-22.07.34:877][  0]LogBlueprint:Warning: [compiler] Warning Function ' Get Player Controller ' is unsafe to call in a construction script.
[2015.04.18-22.07.35:022][  0]LogBlueprint:Warning: [compiler] Warning [0033.10] Compile of ContextMenu successful, but with 1 Warning(s) [in 413 ms]
[2015.04.18-22.07.35:023][  0]LogBlueprint:Warning: [compiler] Warning [0033.10] Compile of ContextMenu successful, but with 2 Warning(s) [in 0 ms]
[2015.04.18-22.07.35:023][  0]LogBlueprint:Warning: [compiler] Warning [0033.10] Compile of ContextMenu successful, but with 3 Warning(s) [in 0 ms]
[2015.04.18-22.07.35:023][  0]LogBlueprint:Warning: [compiler] Warning [0033.10] Compile of ContextMenu successful, but with 4 Warning(s) [in 0 ms]
[2015.04.18-22.07.36:380][  0]LogBlueprint:Warning: [compiler] Warning Function ' Get Player Controller ' is unsafe to call in a construction script.
[2015.04.18-22.07.36:529][  0]LogBlueprint:Warning: [compiler] Warning [0034.60] Compile of ContextMenu successful, but with 1 Warning(s) [in 415 ms]
[2015.04.18-22.07.36:529][  0]LogBlueprint:Warning: [compiler] Warning [0034.61] Compile of ContextMenu successful, but with 2 Warning(s) [in 0 ms]
[2015.04.18-22.07.38:024][  0]LogK2Compiler:Warning: Failed to patch linker table for blueprint CDO Default__SKEL_Example_Map_C
[2015.04.18-22.07.38:025][  0]LogK2Compiler:Warning: Failed to patch linker table for blueprint CDO Default__PersistentLevel_LevelScript_C
[2015.04.18-22.07.40:441][  0]LogEditorServer: Fin